{"/home/mhd/week-5-ad-hoc/src/request.js":{"path":"/home/mhd/week-5-ad-hoc/src/request.js","s":{"1":1,"2":1,"3":1,"4":1,"5":1,"6":1,"7":0,"8":1,"9":1,"10":1,"11":1,"12":1,"13":0,"14":1,"15":0,"16":0,"17":0,"18":0,"19":0,"20":0,"21":1},"b":{"1":[0,1],"2":[0,1],"3":[0,1],"4":[0,0]},"f":{},"fnMap":{},"statementMap":{"1":{"start":{"line":1,"column":0},"end":{"line":1,"column":35}},"2":{"start":{"line":2,"column":0},"end":{"line":8,"column":2}},"3":{"start":{"line":9,"column":0},"end":{"line":26,"column":1}},"4":{"start":{"line":10,"column":4},"end":{"line":10,"column":97}},"5":{"start":{"line":11,"column":4},"end":{"line":25,"column":6}},"6":{"start":{"line":12,"column":8},"end":{"line":24,"column":9}},"7":{"start":{"line":13,"column":12},"end":{"line":13,"column":19}},"8":{"start":{"line":15,"column":12},"end":{"line":15,"column":58}},"9":{"start":{"line":16,"column":12},"end":{"line":23,"column":13}},"10":{"start":{"line":18,"column":16},"end":{"line":18,"column":80}},"11":{"start":{"line":19,"column":16},"end":{"line":19,"column":96}},"12":{"start":{"line":20,"column":16},"end":{"line":20,"column":52}},"13":{"start":{"line":22,"column":16},"end":{"line":22,"column":50}},"14":{"start":{"line":28,"column":0},"end":{"line":38,"column":1}},"15":{"start":{"line":29,"column":4},"end":{"line":29,"column":36}},"16":{"start":{"line":30,"column":4},"end":{"line":30,"column":123}},"17":{"start":{"line":31,"column":4},"end":{"line":37,"column":6}},"18":{"start":{"line":32,"column":8},"end":{"line":36,"column":9}},"19":{"start":{"line":33,"column":12},"end":{"line":33,"column":20}},"20":{"start":{"line":35,"column":12},"end":{"line":35,"column":32}},"21":{"start":{"line":40,"column":0},"end":{"line":43,"column":2}}},"branchMap":{"1":{"line":12,"type":"if","locations":[{"start":{"line":12,"column":8},"end":{"line":12,"column":8}},{"start":{"line":12,"column":8},"end":{"line":12,"column":8}}]},"2":{"line":18,"type":"cond-expr","locations":[{"start":{"line":18,"column":50},"end":{"line":18,"column":60}},{"start":{"line":18,"column":63},"end":{"line":18,"column":79}}]},"3":{"line":19,"type":"cond-expr","locations":[{"start":{"line":19,"column":67},"end":{"line":19,"column":76}},{"start":{"line":19,"column":79},"end":{"line":19,"column":95}}]},"4":{"line":32,"type":"if","locations":[{"start":{"line":32,"column":8},"end":{"line":32,"column":8}},{"start":{"line":32,"column":8},"end":{"line":32,"column":8}}]}}}}