{"/home/qamar/Desktop/week-5-ad-hoc/src/request.js":{"path":"/home/qamar/Desktop/week-5-ad-hoc/src/request.js","s":{"1":1,"2":1,"3":1,"4":1,"5":1,"6":1,"7":0,"8":1,"9":1,"10":1,"11":1,"12":0,"13":1,"14":1,"15":1,"16":0,"17":1,"18":1,"19":0,"20":0,"21":0,"22":0,"23":0,"24":0,"25":0,"26":1,"27":0,"28":0,"29":0,"30":0,"31":0,"32":0,"33":1},"b":{"1":[0,1],"2":[1,0],"3":[0,1],"4":[0,0],"5":[0,0]},"f":{},"fnMap":{},"statementMap":{"1":{"start":{"line":1,"column":0},"end":{"line":1,"column":35}},"2":{"start":{"line":2,"column":0},"end":{"line":2,"column":27}},"3":{"start":{"line":3,"column":0},"end":{"line":21,"column":1}},"4":{"start":{"line":4,"column":2},"end":{"line":4,"column":95}},"5":{"start":{"line":5,"column":2},"end":{"line":20,"column":4}},"6":{"start":{"line":6,"column":4},"end":{"line":19,"column":5}},"7":{"start":{"line":7,"column":6},"end":{"line":7,"column":13}},"8":{"start":{"line":10,"column":6},"end":{"line":10,"column":52}},"9":{"start":{"line":11,"column":6},"end":{"line":16,"column":7}},"10":{"start":{"line":12,"column":8},"end":{"line":12,"column":63}},"11":{"start":{"line":13,"column":8},"end":{"line":13,"column":28}},"12":{"start":{"line":15,"column":8},"end":{"line":15,"column":42}},"13":{"start":{"line":23,"column":0},"end":{"line":31,"column":1}},"14":{"start":{"line":24,"column":2},"end":{"line":30,"column":4}},"15":{"start":{"line":25,"column":4},"end":{"line":29,"column":5}},"16":{"start":{"line":26,"column":6},"end":{"line":26,"column":13}},"17":{"start":{"line":28,"column":6},"end":{"line":28,"column":26}},"18":{"start":{"line":33,"column":0},"end":{"line":44,"column":1}},"19":{"start":{"line":34,"column":2},"end":{"line":34,"column":53}},"20":{"start":{"line":35,"column":2},"end":{"line":35,"column":121}},"21":{"start":{"line":36,"column":2},"end":{"line":36,"column":19}},"22":{"start":{"line":37,"column":2},"end":{"line":43,"column":4}},"23":{"start":{"line":38,"column":4},"end":{"line":42,"column":5}},"24":{"start":{"line":39,"column":6},"end":{"line":39,"column":13}},"25":{"start":{"line":41,"column":6},"end":{"line":41,"column":26}},"26":{"start":{"line":46,"column":0},"end":{"line":56,"column":1}},"27":{"start":{"line":47,"column":2},"end":{"line":47,"column":54}},"28":{"start":{"line":48,"column":2},"end":{"line":48,"column":75}},"29":{"start":{"line":49,"column":2},"end":{"line":55,"column":4}},"30":{"start":{"line":50,"column":4},"end":{"line":54,"column":5}},"31":{"start":{"line":51,"column":6},"end":{"line":51,"column":13}},"32":{"start":{"line":53,"column":6},"end":{"line":53,"column":25}},"33":{"start":{"line":71,"column":0},"end":{"line":74,"column":1}}},"branchMap":{"1":{"line":6,"type":"if","locations":[{"start":{"line":6,"column":4},"end":{"line":6,"column":4}},{"start":{"line":6,"column":4},"end":{"line":6,"column":4}}]},"2":{"line":12,"type":"binary-expr","locations":[{"start":{"line":12,"column":21},"end":{"line":12,"column":49}},{"start":{"line":12,"column":53},"end":{"line":12,"column":62}}]},"3":{"line":25,"type":"if","locations":[{"start":{"line":25,"column":4},"end":{"line":25,"column":4}},{"start":{"line":25,"column":4},"end":{"line":25,"column":4}}]},"4":{"line":38,"type":"if","locations":[{"start":{"line":38,"column":4},"end":{"line":38,"column":4}},{"start":{"line":38,"column":4},"end":{"line":38,"column":4}}]},"5":{"line":50,"type":"if","locations":[{"start":{"line":50,"column":4},"end":{"line":50,"column":4}},{"start":{"line":50,"column":4},"end":{"line":50,"column":4}}]}}}}