TN:
SF:/home/qamar/Desktop/week-5-ad-hoc/src/request.js
FNF:0
FNH:0
DA:1,1
DA:2,1
DA:3,1
DA:4,1
DA:5,1
DA:6,1
DA:7,0
DA:10,1
DA:11,1
DA:12,1
DA:13,1
DA:15,0
DA:23,1
DA:24,1
DA:25,1
DA:26,0
DA:28,1
DA:33,1
DA:34,0
DA:35,0
DA:36,0
DA:37,0
DA:38,0
DA:39,0
DA:41,0
DA:46,1
DA:47,0
DA:48,0
DA:49,0
DA:50,0
DA:51,0
DA:53,0
DA:71,1
LF:33
LH:17
BRDA:6,1,0,0
BRDA:6,1,1,1
BRDA:12,2,0,1
BRDA:12,2,1,0
BRDA:25,3,0,0
BRDA:25,3,1,1
BRDA:38,4,0,0
BRDA:38,4,1,0
BRDA:50,5,0,0
BRDA:50,5,1,0
BRF:10
BRH:3
end_of_record
